mode: set
github.com/andygeiss/ecs/example/main.go:7.13,15.2 2 0
github.com/andygeiss/ecs/example/plugins/stats.go:20.36,24.49 3 0
github.com/andygeiss/ecs/example/plugins/stats.go:24.49,28.46 3 0
github.com/andygeiss/ecs/example/plugins/stats.go:28.46,37.4 8 0
github.com/andygeiss/ecs/example/plugins/stats.go:38.3,38.34 1 0
github.com/andygeiss/ecs/example/plugins/stats.go:42.25,46.2 3 0
github.com/andygeiss/ecs/example/plugins/stats.go:48.60,56.2 7 0
github.com/andygeiss/ecs/example/plugins/stats.go:58.25,69.2 10 0
github.com/andygeiss/ecs/example/plugins/stats.go:71.26,79.2 7 0
github.com/andygeiss/ecs/example/plugins/stats.go:81.54,89.2 7 0
github.com/andygeiss/ecs/example/plugins/stats.go:91.33,92.27 1 0
github.com/andygeiss/ecs/example/plugins/stats.go:92.27,94.3 1 0
github.com/andygeiss/ecs/example/plugins/stats.go:95.2,95.12 1 0
github.com/andygeiss/ecs/example/plugins/stats.go:98.37,100.2 1 0
github.com/andygeiss/ecs/example/components/position.go:12.34,14.2 1 0
github.com/andygeiss/ecs/example/components/position.go:16.47,19.2 2 0
github.com/andygeiss/ecs/example/components/position.go:21.47,24.2 2 0
github.com/andygeiss/ecs/example/components/position.go:27.35,31.2 1 0
github.com/andygeiss/ecs/example/components/size.go:12.30,14.2 1 0
github.com/andygeiss/ecs/example/components/size.go:16.49,19.2 2 0
github.com/andygeiss/ecs/example/components/size.go:21.47,24.2 2 0
github.com/andygeiss/ecs/example/components/size.go:27.31,31.2 1 0
github.com/andygeiss/ecs/example/components/velocity.go:12.34,14.2 1 0
github.com/andygeiss/ecs/example/components/velocity.go:16.47,19.2 2 0
github.com/andygeiss/ecs/example/components/velocity.go:21.47,24.2 2 0
github.com/andygeiss/ecs/example/components/velocity.go:27.35,31.2 1 0
github.com/andygeiss/ecs/example/systems/collision.go:15.35,17.2 1 0
github.com/andygeiss/ecs/example/systems/collision.go:19.30,19.31 0 0
github.com/andygeiss/ecs/example/systems/collision.go:21.64,22.87 1 0
github.com/andygeiss/ecs/example/systems/collision.go:22.87,25.47 3 0
github.com/andygeiss/ecs/example/systems/collision.go:25.47,27.4 1 0
github.com/andygeiss/ecs/example/systems/collision.go:28.3,28.48 1 0
github.com/andygeiss/ecs/example/systems/collision.go:28.48,30.4 1 0
github.com/andygeiss/ecs/example/systems/collision.go:32.2,32.33 1 0
github.com/andygeiss/ecs/example/systems/collision.go:35.33,35.34 0 0
github.com/andygeiss/ecs/example/systems/collision.go:37.55,40.2 2 0
github.com/andygeiss/ecs/example/systems/collision.go:42.53,45.2 2 0
github.com/andygeiss/ecs/example/systems/collision.go:48.33,50.2 1 0
github.com/andygeiss/ecs/example/systems/movement.go:13.40,15.2 1 0
github.com/andygeiss/ecs/example/systems/movement.go:17.29,17.30 0 0
github.com/andygeiss/ecs/example/systems/movement.go:19.63,20.87 1 0
github.com/andygeiss/ecs/example/systems/movement.go:20.87,25.3 4 0
github.com/andygeiss/ecs/example/systems/movement.go:26.2,26.33 1 0
github.com/andygeiss/ecs/example/systems/movement.go:29.32,29.33 0 0
github.com/andygeiss/ecs/example/systems/movement.go:32.53,34.2 1 0
github.com/andygeiss/ecs/example/systems/rendering.go:17.35,19.2 1 0
github.com/andygeiss/ecs/example/systems/rendering.go:21.29,23.2 1 0
github.com/andygeiss/ecs/example/systems/rendering.go:25.64,27.28 1 0
github.com/andygeiss/ecs/example/systems/rendering.go:27.28,29.3 1 0
github.com/andygeiss/ecs/example/systems/rendering.go:31.2,31.24 1 0
github.com/andygeiss/ecs/example/systems/rendering.go:31.24,37.3 5 0
github.com/andygeiss/ecs/example/systems/rendering.go:39.2,39.35 1 0
github.com/andygeiss/ecs/example/systems/rendering.go:39.35,41.3 1 0
github.com/andygeiss/ecs/example/systems/rendering.go:42.2,42.33 1 0
github.com/andygeiss/ecs/example/systems/rendering.go:45.32,47.2 1 0
github.com/andygeiss/ecs/example/systems/rendering.go:49.55,52.2 2 0
github.com/andygeiss/ecs/example/systems/rendering.go:54.68,57.2 2 0
github.com/andygeiss/ecs/example/systems/rendering.go:59.56,62.2 2 0
github.com/andygeiss/ecs/example/systems/rendering.go:64.53,67.2 2 0
github.com/andygeiss/ecs/example/systems/rendering.go:69.59,70.83 1 0
github.com/andygeiss/ecs/example/systems/rendering.go:70.83,74.3 3 0
github.com/andygeiss/ecs/example/systems/rendering.go:78.33,80.2 1 0
github.com/andygeiss/ecs/core/default_engine.go:11.31,13.18 2 0
github.com/andygeiss/ecs/core/default_engine.go:13.18,14.52 1 0
github.com/andygeiss/ecs/core/default_engine.go:14.52,16.32 2 0
github.com/andygeiss/ecs/core/default_engine.go:16.32,18.10 2 0
github.com/andygeiss/ecs/core/default_engine.go:25.32,26.51 1 0
github.com/andygeiss/ecs/core/default_engine.go:26.51,27.73 1 0
github.com/andygeiss/ecs/core/default_engine.go:27.73,28.9 1 0
github.com/andygeiss/ecs/core/default_engine.go:35.33,36.48 1 1
github.com/andygeiss/ecs/core/default_engine.go:36.48,38.3 1 1
github.com/andygeiss/ecs/core/default_engine.go:42.36,43.48 1 1
github.com/andygeiss/ecs/core/default_engine.go:43.48,45.3 1 1
github.com/andygeiss/ecs/core/default_engine.go:49.88,54.2 1 1
github.com/andygeiss/ecs/core/default_entity_manager.go:8.57,10.2 1 1
github.com/andygeiss/ecs/core/default_entity_manager.go:13.64,15.2 1 1
github.com/andygeiss/ecs/core/default_entity_manager.go:18.79,22.31 3 1
github.com/andygeiss/ecs/core/default_entity_manager.go:22.31,26.28 2 1
github.com/andygeiss/ecs/core/default_entity_manager.go:26.28,30.4 2 1
github.com/andygeiss/ecs/core/default_entity_manager.go:33.2,33.25 1 1
github.com/andygeiss/ecs/core/default_entity_manager.go:37.84,41.31 3 1
github.com/andygeiss/ecs/core/default_entity_manager.go:41.31,44.30 2 1
github.com/andygeiss/ecs/core/default_entity_manager.go:44.30,45.35 1 1
github.com/andygeiss/ecs/core/default_entity_manager.go:45.35,46.26 1 1
github.com/andygeiss/ecs/core/default_entity_manager.go:47.28,48.26 1 1
github.com/andygeiss/ecs/core/default_entity_manager.go:48.26,50.7 1 1
github.com/andygeiss/ecs/core/default_entity_manager.go:55.3,55.28 1 1
github.com/andygeiss/ecs/core/default_entity_manager.go:55.28,59.4 2 1
github.com/andygeiss/ecs/core/default_entity_manager.go:62.2,62.25 1 1
github.com/andygeiss/ecs/core/default_entity_manager.go:66.64,67.31 1 0
github.com/andygeiss/ecs/core/default_entity_manager.go:67.31,68.17 1 0
github.com/andygeiss/ecs/core/default_entity_manager.go:68.17,70.4 1 0
github.com/andygeiss/ecs/core/default_entity_manager.go:72.2,72.8 1 0
github.com/andygeiss/ecs/core/default_entity_manager.go:76.55,77.31 1 1
github.com/andygeiss/ecs/core/default_entity_manager.go:77.31,78.24 1 1
github.com/andygeiss/ecs/core/default_entity_manager.go:78.24,82.9 4 1
github.com/andygeiss/ecs/core/default_entity_manager.go:88.39,92.2 1 1
github.com/andygeiss/ecs/core/default_system_manager.go:9.55,11.2 1 1
github.com/andygeiss/ecs/core/default_system_manager.go:14.51,16.2 1 1
github.com/andygeiss/ecs/core/default_system_manager.go:19.39,23.2 1 1
github.com/andygeiss/ecs/core/entity.go:24.39,25.23 1 1
github.com/andygeiss/ecs/core/entity.go:25.23,26.36 1 1
github.com/andygeiss/ecs/core/entity.go:26.36,27.12 1 0
github.com/andygeiss/ecs/core/entity.go:29.3,30.37 2 1
github.com/andygeiss/ecs/core/entity.go:35.45,36.33 1 0
github.com/andygeiss/ecs/core/entity.go:36.33,37.23 1 0
github.com/andygeiss/ecs/core/entity.go:37.23,39.4 1 0
github.com/andygeiss/ecs/core/entity.go:41.2,41.12 1 0
github.com/andygeiss/ecs/core/entity.go:45.32,47.2 1 1
github.com/andygeiss/ecs/core/entity.go:50.38,52.33 2 1
github.com/andygeiss/ecs/core/entity.go:52.33,53.23 1 1
github.com/andygeiss/ecs/core/entity.go:53.23,58.9 5 1
github.com/andygeiss/ecs/core/entity.go:61.2,61.14 1 1
github.com/andygeiss/ecs/core/entity.go:61.14,63.3 1 1
github.com/andygeiss/ecs/core/entity.go:67.59,73.2 1 1
github.com/andygeiss/ecs/core/entity.go:75.47,77.31 2 1
github.com/andygeiss/ecs/core/entity.go:77.31,79.3 1 1
github.com/andygeiss/ecs/core/entity.go:80.2,80.13 1 1
github.com/andygeiss/ecs/example/app/entrypoint.go:10.30,32.2 8 0
github.com/andygeiss/ecs/example/app/generate.go:11.43,13.21 2 1
github.com/andygeiss/ecs/example/app/generate.go:13.21,25.3 1 1
github.com/andygeiss/ecs/example/app/generate.go:26.2,26.12 1 1
github.com/andygeiss/ecs/example/components/position.go:12.34,14.2 1 1
github.com/andygeiss/ecs/example/components/position.go:16.47,19.2 2 1
github.com/andygeiss/ecs/example/components/position.go:21.47,24.2 2 1
github.com/andygeiss/ecs/example/components/position.go:27.35,31.2 1 1
github.com/andygeiss/ecs/example/components/size.go:12.30,14.2 1 1
github.com/andygeiss/ecs/example/components/size.go:16.49,19.2 2 1
github.com/andygeiss/ecs/example/components/size.go:21.47,24.2 2 1
github.com/andygeiss/ecs/example/components/size.go:27.31,31.2 1 1
github.com/andygeiss/ecs/example/components/velocity.go:12.34,14.2 1 1
github.com/andygeiss/ecs/example/components/velocity.go:16.47,19.2 2 1
github.com/andygeiss/ecs/example/components/velocity.go:21.47,24.2 2 1
github.com/andygeiss/ecs/example/components/velocity.go:27.35,31.2 1 1
github.com/andygeiss/ecs/example/plugins/stats.go:20.36,24.49 3 0
github.com/andygeiss/ecs/example/plugins/stats.go:24.49,28.46 3 0
github.com/andygeiss/ecs/example/plugins/stats.go:28.46,37.4 8 0
github.com/andygeiss/ecs/example/plugins/stats.go:38.3,38.34 1 0
github.com/andygeiss/ecs/example/plugins/stats.go:42.25,46.2 3 0
github.com/andygeiss/ecs/example/plugins/stats.go:48.60,56.2 7 0
github.com/andygeiss/ecs/example/plugins/stats.go:58.25,69.2 10 0
github.com/andygeiss/ecs/example/plugins/stats.go:71.26,79.2 7 0
github.com/andygeiss/ecs/example/plugins/stats.go:81.54,89.2 7 0
github.com/andygeiss/ecs/example/plugins/stats.go:91.33,92.27 1 0
github.com/andygeiss/ecs/example/plugins/stats.go:92.27,94.3 1 0
github.com/andygeiss/ecs/example/plugins/stats.go:95.2,95.12 1 0
github.com/andygeiss/ecs/example/plugins/stats.go:98.37,100.2 1 0
github.com/andygeiss/ecs/example/systems/collision.go:15.35,17.2 1 0
github.com/andygeiss/ecs/example/systems/collision.go:19.30,19.31 0 0
github.com/andygeiss/ecs/example/systems/collision.go:21.64,22.87 1 0
github.com/andygeiss/ecs/example/systems/collision.go:22.87,25.47 3 0
github.com/andygeiss/ecs/example/systems/collision.go:25.47,27.4 1 0
github.com/andygeiss/ecs/example/systems/collision.go:28.3,28.48 1 0
github.com/andygeiss/ecs/example/systems/collision.go:28.48,30.4 1 0
github.com/andygeiss/ecs/example/systems/collision.go:32.2,32.33 1 0
github.com/andygeiss/ecs/example/systems/collision.go:35.33,35.34 0 0
github.com/andygeiss/ecs/example/systems/collision.go:37.55,40.2 2 0
github.com/andygeiss/ecs/example/systems/collision.go:42.53,45.2 2 0
github.com/andygeiss/ecs/example/systems/collision.go:48.33,50.2 1 0
github.com/andygeiss/ecs/example/systems/movement.go:13.40,15.2 1 0
github.com/andygeiss/ecs/example/systems/movement.go:17.29,17.30 0 0
github.com/andygeiss/ecs/example/systems/movement.go:19.63,20.87 1 0
github.com/andygeiss/ecs/example/systems/movement.go:20.87,25.3 4 0
github.com/andygeiss/ecs/example/systems/movement.go:26.2,26.33 1 0
github.com/andygeiss/ecs/example/systems/movement.go:29.32,29.33 0 0
github.com/andygeiss/ecs/example/systems/movement.go:32.53,34.2 1 0
github.com/andygeiss/ecs/example/systems/rendering.go:17.35,19.2 1 0
github.com/andygeiss/ecs/example/systems/rendering.go:21.29,23.2 1 0
github.com/andygeiss/ecs/example/systems/rendering.go:25.64,27.28 1 0
github.com/andygeiss/ecs/example/systems/rendering.go:27.28,29.3 1 0
github.com/andygeiss/ecs/example/systems/rendering.go:31.2,31.24 1 0
github.com/andygeiss/ecs/example/systems/rendering.go:31.24,37.3 5 0
github.com/andygeiss/ecs/example/systems/rendering.go:39.2,39.35 1 0
github.com/andygeiss/ecs/example/systems/rendering.go:39.35,41.3 1 0
github.com/andygeiss/ecs/example/systems/rendering.go:42.2,42.33 1 0
github.com/andygeiss/ecs/example/systems/rendering.go:45.32,47.2 1 0
github.com/andygeiss/ecs/example/systems/rendering.go:49.55,52.2 2 0
github.com/andygeiss/ecs/example/systems/rendering.go:54.68,57.2 2 0
github.com/andygeiss/ecs/example/systems/rendering.go:59.56,62.2 2 0
github.com/andygeiss/ecs/example/systems/rendering.go:64.53,67.2 2 0
github.com/andygeiss/ecs/example/systems/rendering.go:69.59,70.83 1 0
github.com/andygeiss/ecs/example/systems/rendering.go:70.83,74.3 3 0
github.com/andygeiss/ecs/example/systems/rendering.go:78.33,80.2 1 0
