mode: set
github.com/andygeiss/ecs/core/default_engine.go:11.31,13.18 2 0
github.com/andygeiss/ecs/core/default_engine.go:13.18,14.52 1 0
github.com/andygeiss/ecs/core/default_engine.go:14.52,16.32 2 0
github.com/andygeiss/ecs/core/default_engine.go:16.32,18.10 2 0
github.com/andygeiss/ecs/core/default_engine.go:25.32,26.51 1 0
github.com/andygeiss/ecs/core/default_engine.go:26.51,27.73 1 0
github.com/andygeiss/ecs/core/default_engine.go:27.73,28.9 1 0
github.com/andygeiss/ecs/core/default_engine.go:35.33,36.48 1 1
github.com/andygeiss/ecs/core/default_engine.go:36.48,38.3 1 1
github.com/andygeiss/ecs/core/default_engine.go:42.36,43.48 1 1
github.com/andygeiss/ecs/core/default_engine.go:43.48,45.3 1 1
github.com/andygeiss/ecs/core/default_engine.go:49.88,54.2 1 1
github.com/andygeiss/ecs/core/default_entity_manager.go:8.57,10.2 1 1
github.com/andygeiss/ecs/core/default_entity_manager.go:13.64,15.2 1 1
github.com/andygeiss/ecs/core/default_entity_manager.go:18.79,22.31 3 1
github.com/andygeiss/ecs/core/default_entity_manager.go:22.31,26.28 2 1
github.com/andygeiss/ecs/core/default_entity_manager.go:26.28,30.4 2 1
github.com/andygeiss/ecs/core/default_entity_manager.go:33.2,33.25 1 1
github.com/andygeiss/ecs/core/default_entity_manager.go:37.84,41.31 3 1
github.com/andygeiss/ecs/core/default_entity_manager.go:41.31,44.30 2 1
github.com/andygeiss/ecs/core/default_entity_manager.go:44.30,45.35 1 1
github.com/andygeiss/ecs/core/default_entity_manager.go:45.35,46.26 1 1
github.com/andygeiss/ecs/core/default_entity_manager.go:47.28,48.26 1 1
github.com/andygeiss/ecs/core/default_entity_manager.go:48.26,50.7 1 1
github.com/andygeiss/ecs/core/default_entity_manager.go:55.3,55.28 1 1
github.com/andygeiss/ecs/core/default_entity_manager.go:55.28,59.4 2 1
github.com/andygeiss/ecs/core/default_entity_manager.go:62.2,62.25 1 1
github.com/andygeiss/ecs/core/default_entity_manager.go:66.64,67.31 1 0
github.com/andygeiss/ecs/core/default_entity_manager.go:67.31,68.17 1 0
github.com/andygeiss/ecs/core/default_entity_manager.go:68.17,70.4 1 0
github.com/andygeiss/ecs/core/default_entity_manager.go:72.2,72.8 1 0
github.com/andygeiss/ecs/core/default_entity_manager.go:76.55,77.31 1 1
github.com/andygeiss/ecs/core/default_entity_manager.go:77.31,78.24 1 1
github.com/andygeiss/ecs/core/default_entity_manager.go:78.24,82.9 4 1
github.com/andygeiss/ecs/core/default_entity_manager.go:88.39,92.2 1 1
github.com/andygeiss/ecs/core/default_system_manager.go:9.55,11.2 1 1
github.com/andygeiss/ecs/core/default_system_manager.go:14.51,16.2 1 1
github.com/andygeiss/ecs/core/default_system_manager.go:19.39,23.2 1 1
github.com/andygeiss/ecs/core/entity.go:24.39,25.23 1 1
github.com/andygeiss/ecs/core/entity.go:25.23,26.36 1 1
github.com/andygeiss/ecs/core/entity.go:26.36,27.12 1 0
github.com/andygeiss/ecs/core/entity.go:29.3,30.37 2 1
github.com/andygeiss/ecs/core/entity.go:35.45,36.33 1 0
github.com/andygeiss/ecs/core/entity.go:36.33,37.23 1 0
github.com/andygeiss/ecs/core/entity.go:37.23,39.4 1 0
github.com/andygeiss/ecs/core/entity.go:41.2,41.12 1 0
github.com/andygeiss/ecs/core/entity.go:45.32,47.2 1 1
github.com/andygeiss/ecs/core/entity.go:50.38,52.33 2 1
github.com/andygeiss/ecs/core/entity.go:52.33,53.23 1 1
github.com/andygeiss/ecs/core/entity.go:53.23,58.9 5 1
github.com/andygeiss/ecs/core/entity.go:61.2,61.14 1 1
github.com/andygeiss/ecs/core/entity.go:61.14,63.3 1 1
github.com/andygeiss/ecs/core/entity.go:67.59,73.2 1 1
github.com/andygeiss/ecs/core/entity.go:75.47,77.31 2 1
github.com/andygeiss/ecs/core/entity.go:77.31,79.3 1 1
github.com/andygeiss/ecs/core/entity.go:80.2,80.13 1 1
